TN:
SF:/home/barath/Desktop/repo/turtle-command/app/scripts/app.js
FN:24,(anonymous_1)
FNF:1
FNH:1
FNDA:29,(anonymous_1)
DA:11,1
DA:25,29
LF:2
LH:2
BRF:0
BRH:0
end_of_record
TN:
SF:/home/barath/Desktop/repo/turtle-command/app/scripts/controllers/about.js
FN:11,(anonymous_1)
FNF:1
FNH:1
FNDA:1,(anonymous_1)
DA:10,1
DA:12,1
LF:2
LH:2
BRF:0
BRH:0
end_of_record
TN:
SF:/home/barath/Desktop/repo/turtle-command/app/scripts/controllers/main.js
FN:11,(anonymous_1)
FN:19,(anonymous_2)
FN:24,(anonymous_3)
FN:31,(anonymous_4)
FN:50,(anonymous_5)
FNF:5
FNH:5
FNDA:6,(anonymous_1)
FNDA:2,(anonymous_2)
FNDA:2,(anonymous_3)
FNDA:5,(anonymous_4)
FNDA:2,(anonymous_5)
DA:10,1
DA:12,6
DA:13,6
DA:14,6
DA:15,6
DA:16,6
DA:17,6
DA:18,6
DA:19,6
DA:20,2
DA:21,2
DA:24,6
DA:25,2
DA:26,2
DA:27,2
DA:28,2
DA:31,6
DA:32,5
DA:33,5
DA:34,5
DA:35,5
DA:36,5
DA:37,18
DA:38,17
DA:43,17
DA:46,1
DA:50,6
DA:51,2
DA:52,2
LF:29
LH:29
BRF:0
BRH:0
end_of_record
TN:
SF:/home/barath/Desktop/repo/turtle-command/app/scripts/modules/angular-lodash-modularized/angularlodashmodularized.js
FN:11,(anonymous_1)
FNF:1
FNH:1
FNDA:24,(anonymous_1)
DA:10,1
DA:12,24
LF:2
LH:2
BRF:0
BRH:0
end_of_record
TN:
SF:/home/barath/Desktop/repo/turtle-command/app/scripts/services/animal.js
FN:11,(anonymous_1)
FN:23,(anonymous_2)
FNF:2
FNH:2
FNDA:8,(anonymous_1)
FNDA:14,(anonymous_2)
DA:10,1
DA:13,8
DA:20,8
DA:24,14
DA:25,14
DA:27,1
DA:29,14
LF:7
LH:7
BRF:0
BRH:0
end_of_record
TN:
SF:/home/barath/Desktop/repo/turtle-command/app/scripts/services/compass.js
FN:11,(anonymous_1)
FN:17,(anonymous_2)
FN:25,(anonymous_3)
FN:33,(anonymous_4)
FN:36,(anonymous_5)
FN:40,(anonymous_6)
FN:43,(anonymous_7)
FNF:7
FNH:7
FNDA:20,(anonymous_1)
FNDA:14,(anonymous_2)
FNDA:13,(anonymous_3)
FNDA:8,(anonymous_4)
FNDA:4,(anonymous_5)
FNDA:9,(anonymous_6)
FNDA:9,(anonymous_7)
DA:10,1
DA:12,20
DA:13,20
DA:14,20
DA:16,20
DA:18,14
DA:19,1
DA:21,13
DA:23,14
DA:26,13
DA:27,4
DA:29,9
DA:31,13
DA:34,8
DA:37,4
DA:38,4
DA:41,9
DA:44,9
DA:45,9
LF:19
LH:19
BRDA:18,1,0,1
BRDA:18,1,1,13
BRDA:26,2,0,4
BRDA:26,2,1,9
BRF:4
BRH:4
end_of_record
TN:
SF:/home/barath/Desktop/repo/turtle-command/app/scripts/services/coordinate.js
FN:11,(anonymous_1)
FN:13,Coordinate
FN:18,(anonymous_3)
FN:19,(anonymous_4)
FN:20,(anonymous_5)
FN:21,(anonymous_6)
FN:22,(anonymous_7)
FN:23,(anonymous_8)
FNF:8
FNH:8
FNDA:25,(anonymous_1)
FNDA:2082,Coordinate
FNDA:9,(anonymous_3)
FNDA:11,(anonymous_4)
FNDA:4,(anonymous_5)
FNDA:17,(anonymous_6)
FNDA:4,(anonymous_7)
FNDA:26,(anonymous_8)
DA:10,1
DA:13,1
DA:14,2082
DA:15,2082
DA:18,25
DA:19,25
DA:20,25
DA:21,25
DA:22,25
DA:23,26
DA:25,25
LF:11
LH:11
BRF:0
BRH:0
end_of_record
TN:
SF:/home/barath/Desktop/repo/turtle-command/app/scripts/services/grid.js
FN:11,(anonymous_1)
FN:18,(anonymous_2)
FN:21,(anonymous_3)
FN:24,(anonymous_4)
FN:27,(anonymous_5)
FN:32,(anonymous_6)
FN:36,(anonymous_7)
FN:43,(anonymous_8)
FN:46,(anonymous_9)
FN:49,(anonymous_10)
FN:52,(anonymous_11)
FN:56,(anonymous_12)
FN:59,(anonymous_13)
FN:62,(anonymous_14)
FN:65,(anonymous_15)
FN:68,(anonymous_16)
FN:71,(anonymous_17)
FN:74,(anonymous_18)
FNF:18
FNH:18
FNDA:24,(anonymous_1)
FNDA:1002,(anonymous_2)
FNDA:23,(anonymous_3)
FNDA:2065,(anonymous_4)
FNDA:1011,(anonymous_5)
FNDA:208,(anonymous_6)
FNDA:1010,(anonymous_7)
FNDA:1002,(anonymous_8)
FNDA:1,(anonymous_9)
FNDA:23,(anonymous_10)
FNDA:12,(anonymous_11)
FNDA:1205,(anonymous_12)
FNDA:102,(anonymous_13)
FNDA:102,(anonymous_14)
FNDA:16,(anonymous_15)
FNDA:21,(anonymous_16)
FNDA:1,(anonymous_17)
FNDA:8,(anonymous_18)
DA:10,1
DA:13,24
DA:14,24
DA:15,24
DA:16,24
DA:19,1002
DA:22,23
DA:25,2065
DA:28,1011
DA:31,24
DA:33,208
DA:34,208
DA:37,1010
DA:38,1010
DA:39,1010
DA:40,2064
DA:44,1002
DA:47,1
DA:50,23
DA:53,12
DA:54,12
DA:57,1205
DA:60,102
DA:63,102
DA:66,16
DA:69,21
DA:72,1
DA:75,8
DA:76,8
LF:29
LH:29
BRDA:66,1,0,16
BRDA:66,1,1,16
BRDA:66,1,2,15
BRDA:66,1,3,15
BRDA:69,2,0,21
BRDA:69,2,1,16
BRF:6
BRH:6
end_of_record
TN:
SF:/home/barath/Desktop/repo/turtle-command/app/scripts/services/turtle.js
FN:11,(anonymous_1)
FN:21,moveNorth
FN:27,moveEast
FN:33,moveSouth
FN:39,moveWest
FN:52,(anonymous_6)
FN:53,(anonymous_7)
FN:56,(anonymous_8)
FN:60,(anonymous_9)
FN:63,(anonymous_10)
FN:66,(anonymous_11)
FN:69,(anonymous_12)
FN:72,(anonymous_13)
FN:76,(anonymous_14)
FN:80,(anonymous_15)
FN:83,(anonymous_16)
FN:86,(anonymous_17)
FNF:17
FNH:17
FNDA:17,(anonymous_1)
FNDA:9,moveNorth
FNDA:6,moveEast
FNDA:2,moveSouth
FNDA:2,moveWest
FNDA:22,(anonymous_6)
FNDA:2,(anonymous_7)
FNDA:8,(anonymous_8)
FNDA:10,(anonymous_9)
FNDA:11,(anonymous_10)
FNDA:1,(anonymous_11)
FNDA:1,(anonymous_12)
FNDA:42,(anonymous_13)
FNDA:35,(anonymous_14)
FNDA:60,(anonymous_15)
FNDA:23,(anonymous_16)
FNDA:38,(anonymous_17)
DA:10,1
DA:12,17
DA:13,17
DA:14,17
DA:21,1
DA:22,9
DA:23,9
DA:24,7
DA:27,1
DA:28,6
DA:29,6
DA:30,4
DA:33,1
DA:34,2
DA:35,2
DA:36,1
DA:39,1
DA:40,2
DA:41,2
DA:42,1
DA:45,17
DA:52,17
DA:53,22
DA:54,2
DA:56,22
DA:57,8
DA:58,8
DA:60,22
DA:61,10
DA:63,22
DA:64,11
DA:66,22
DA:67,1
DA:69,22
DA:70,1
DA:72,22
DA:73,42
DA:74,42
DA:76,22
DA:77,35
DA:78,35
DA:80,22
DA:81,60
DA:83,22
DA:84,23
DA:86,22
DA:87,38
DA:89,19
DA:90,19
DA:92,9
DA:93,9
DA:95,8
DA:96,8
DA:98,2
DA:100,36
LF:55
LH:55
BRDA:23,1,0,7
BRDA:23,1,1,2
BRDA:29,2,0,4
BRDA:29,2,1,2
BRDA:35,3,0,1
BRDA:35,3,1,1
BRDA:41,4,0,1
BRDA:41,4,1,1
BRDA:87,5,0,19
BRDA:87,5,1,9
BRDA:87,5,2,8
BRDA:87,5,3,2
BRF:12
BRH:12
end_of_record
